0 info it worked if it ends with ok
1 verbose cli [ 'node',
1 verbose cli   '/usr/local/bin/npm',
1 verbose cli   'install',
1 verbose cli   '--save',
1 verbose cli   'trianglify.js' ]
2 info using npm@1.4.28
3 info using node@v0.10.32
4 warn package.json weekend_lab@1.0.0 No description
5 warn package.json weekend_lab@1.0.0 No repository field.
6 warn package.json weekend_lab@1.0.0 No README data
7 verbose readDependencies using package.json deps
8 verbose cache add [ 'trianglify.js', null ]
9 verbose cache add name=undefined spec="trianglify.js" args=["trianglify.js",null]
10 verbose parsed url { protocol: null,
10 verbose parsed url   slashes: null,
10 verbose parsed url   auth: null,
10 verbose parsed url   host: null,
10 verbose parsed url   port: null,
10 verbose parsed url   hostname: null,
10 verbose parsed url   hash: null,
10 verbose parsed url   search: null,
10 verbose parsed url   query: null,
10 verbose parsed url   pathname: 'trianglify.js',
10 verbose parsed url   path: 'trianglify.js',
10 verbose parsed url   href: 'trianglify.js' }
11 silly lockFile 61800fe1-trianglify-js trianglify.js
12 verbose lock trianglify.js /Users/calvinj/.npm/61800fe1-trianglify-js.lock
13 silly lockFile 61800fe1-trianglify-js trianglify.js
14 silly lockFile 61800fe1-trianglify-js trianglify.js
15 verbose addNamed [ 'trianglify.js', '' ]
16 verbose addNamed [ null, '*' ]
17 silly lockFile f1c3de6a-trianglify-js trianglify.js@
18 verbose lock trianglify.js@ /Users/calvinj/.npm/f1c3de6a-trianglify-js.lock
19 silly addNameRange { name: 'trianglify.js', range: '*', hasData: false }
20 verbose request where is /trianglify.js
21 verbose request registry https://registry.npmjs.org/
22 verbose request id 2398f58b11cad01d
23 verbose url raw /trianglify.js
24 verbose url resolving [ 'https://registry.npmjs.org/', './trianglify.js' ]
25 verbose url resolved https://registry.npmjs.org/trianglify.js
26 verbose request where is https://registry.npmjs.org/trianglify.js
27 info trying registry request attempt 1 at 09:45:15
28 http GET https://registry.npmjs.org/trianglify.js
29 http 404 https://registry.npmjs.org/trianglify.js
30 verbose headers { date: 'Mon, 10 Nov 2014 17:45:15 GMT',
30 verbose headers   server: 'CouchDB/1.5.0 (Erlang OTP/R16B03)',
30 verbose headers   'content-type': 'application/json',
30 verbose headers   'cache-control': 'max-age=0',
30 verbose headers   'content-length': '52',
30 verbose headers   'accept-ranges': 'bytes',
30 verbose headers   via: '1.1 varnish',
30 verbose headers   age: '0',
30 verbose headers   'x-served-by': 'cache-lax1424-LAX',
30 verbose headers   'x-cache': 'MISS',
30 verbose headers   'x-cache-hits': '0',
30 verbose headers   'x-timer': 'S1415641515.043442,VS0,VE175',
30 verbose headers   'keep-alive': 'timeout=10, max=50',
30 verbose headers   connection: 'Keep-Alive' }
31 silly registry.get cb [ 404,
31 silly registry.get   { date: 'Mon, 10 Nov 2014 17:45:15 GMT',
31 silly registry.get     server: 'CouchDB/1.5.0 (Erlang OTP/R16B03)',
31 silly registry.get     'content-type': 'application/json',
31 silly registry.get     'cache-control': 'max-age=0',
31 silly registry.get     'content-length': '52',
31 silly registry.get     'accept-ranges': 'bytes',
31 silly registry.get     via: '1.1 varnish',
31 silly registry.get     age: '0',
31 silly registry.get     'x-served-by': 'cache-lax1424-LAX',
31 silly registry.get     'x-cache': 'MISS',
31 silly registry.get     'x-cache-hits': '0',
31 silly registry.get     'x-timer': 'S1415641515.043442,VS0,VE175',
31 silly registry.get     'keep-alive': 'timeout=10, max=50',
31 silly registry.get     connection: 'Keep-Alive' } ]
32 silly lockFile f1c3de6a-trianglify-js trianglify.js@
33 silly lockFile f1c3de6a-trianglify-js trianglify.js@
34 error 404 404 Not Found: trianglify.js
34 error 404
34 error 404 'trianglify.js' is not in the npm registry.
34 error 404 You should bug the author to publish it
34 error 404 It was specified as a dependency of 'weekend_lab'
34 error 404
34 error 404 Maybe try 'npm search trianglify'
34 error 404
34 error 404 Note that you can also install from a
34 error 404 tarball, folder, or http url, or git url.
35 error System Darwin 13.3.0
36 error command "node" "/usr/local/bin/npm" "install" "--save" "trianglify.js"
37 error cwd /Users/calvinj/Code/week6_ruby/weekend_lab
38 error node -v v0.10.32
39 error npm -v 1.4.28
40 error code E404
41 verbose exit [ 1, true ]
